22:56:47.343 [main] INFO  testCases.TC002_LoginTest - ****Started TC002_LoginTest****
22:57:52.658 [main] DEBUG org.testng.TestNG - suiteXmlPath: "C:\Workspace\Seleniumwebdriver\Opencart2025\grouping.xml"
22:57:52.899 [main] INFO  org.testng.internal.Utils - [TestNG] Running:
  C:\Workspace\Seleniumwebdriver\Opencart2025\grouping.xml

22:57:55.505 [main] INFO  testCases.TC001_AccountRegistration - ****Started TC001_AccountRegistration****
22:57:55.599 [main] INFO  testCases.TC001_AccountRegistration - ****Clicked on My Account****
22:57:55.910 [main] INFO  testCases.TC001_AccountRegistration - ****Clicked on Register Link****
22:57:55.914 [main] INFO  testCases.TC001_AccountRegistration - ****Providing Customer Details****
22:57:57.073 [main] INFO  testCases.TC001_AccountRegistration - ****Validating expected message****
22:57:57.107 [main] INFO  testCases.TC001_AccountRegistration - ****Finished TC001_AccountRegistration****
22:57:59.226 [main] INFO  testCases.TC002_LoginTest - ****Started TC002_LoginTest****
23:08:39.388 [main] DEBUG org.testng.TestNG - suiteXmlPath: "C:\Workspace\Seleniumwebdriver\Opencart2025\test-output\testng-failed.xml"
23:08:39.617 [main] INFO  org.testng.internal.Utils - [TestNG] Running:
  C:\Workspace\Seleniumwebdriver\Opencart2025\test-output\testng-failed.xml

23:08:42.605 [main] INFO  testCases.TC002_LoginTest - ****Started TC002_LoginTest****
23:08:43.986 [main] INFO  testCases.TC002_LoginTest - ****Finished TC002_LoginTest****
23:09:35.943 [main] DEBUG org.testng.TestNG - suiteXmlPath: "C:\Workspace\Seleniumwebdriver\Opencart2025\grouping.xml"
23:09:36.223 [main] INFO  org.testng.internal.Utils - [TestNG] Running:
  C:\Workspace\Seleniumwebdriver\Opencart2025\grouping.xml

23:09:39.146 [main] INFO  testCases.TC001_AccountRegistration - ****Started TC001_AccountRegistration****
23:09:39.258 [main] INFO  testCases.TC001_AccountRegistration - ****Clicked on My Account****
23:09:39.690 [main] INFO  testCases.TC001_AccountRegistration - ****Clicked on Register Link****
23:09:39.692 [main] INFO  testCases.TC001_AccountRegistration - ****Providing Customer Details****
23:09:46.000 [main] INFO  testCases.TC001_AccountRegistration - ****Validating expected message****
23:09:48.376 [main] INFO  testCases.TC002_LoginTest - ****Started TC002_LoginTest****
23:09:49.700 [main] INFO  testCases.TC002_LoginTest - ****Finished TC002_LoginTest****
23:10:19.737 [main] DEBUG org.testng.TestNG - suiteXmlPath: "C:\Workspace\Seleniumwebdriver\Opencart2025\test-output\testng-failed.xml"
23:10:19.986 [main] INFO  org.testng.internal.Utils - [TestNG] Running:
  C:\Workspace\Seleniumwebdriver\Opencart2025\test-output\testng-failed.xml

23:10:22.589 [main] INFO  testCases.TC001_AccountRegistration - ****Started TC001_AccountRegistration****
23:10:22.687 [main] INFO  testCases.TC001_AccountRegistration - ****Clicked on My Account****
23:10:22.987 [main] INFO  testCases.TC001_AccountRegistration - ****Clicked on Register Link****
23:10:22.991 [main] INFO  testCases.TC001_AccountRegistration - ****Providing Customer Details****
23:10:24.139 [main] INFO  testCases.TC001_AccountRegistration - ****Validating expected message****
23:10:24.170 [main] INFO  testCases.TC001_AccountRegistration - ****Finished TC001_AccountRegistration****
23:11:30.738 [main] DEBUG org.testng.TestNG - suiteXmlPath: "C:\Workspace\Seleniumwebdriver\Opencart2025\grouping.xml"
23:11:31.007 [main] INFO  org.testng.internal.Utils - [TestNG] Running:
  C:\Workspace\Seleniumwebdriver\Opencart2025\grouping.xml

23:11:33.650 [main] INFO  testCases.TC001_AccountRegistration - ****Started TC001_AccountRegistration****
23:11:33.740 [main] INFO  testCases.TC001_AccountRegistration - ****Clicked on My Account****
23:11:34.029 [main] INFO  testCases.TC001_AccountRegistration - ****Clicked on Register Link****
23:11:34.033 [main] INFO  testCases.TC001_AccountRegistration - ****Providing Customer Details****
23:11:35.179 [main] INFO  testCases.TC001_AccountRegistration - ****Validating expected message****
23:11:37.614 [main] INFO  testCases.TC002_LoginTest - ****Started TC002_LoginTest****
23:12:58.418 [main] DEBUG org.testng.TestNG - suiteXmlPath: "C:\Workspace\Seleniumwebdriver\Opencart2025\test-output\testng-failed.xml"
23:12:58.687 [main] INFO  org.testng.internal.Utils - [TestNG] Running:
  C:\Workspace\Seleniumwebdriver\Opencart2025\test-output\testng-failed.xml

23:13:01.579 [main] INFO  testCases.TC001_AccountRegistration - ****Started TC001_AccountRegistration****
23:13:01.684 [main] INFO  testCases.TC001_AccountRegistration - ****Clicked on My Account****
23:13:02.061 [main] INFO  testCases.TC001_AccountRegistration - ****Clicked on Register Link****
23:13:02.065 [main] INFO  testCases.TC001_AccountRegistration - ****Providing Customer Details****
23:13:03.227 [main] INFO  testCases.TC001_AccountRegistration - ****Validating expected message****
23:13:03.263 [main] INFO  testCases.TC001_AccountRegistration - ****Finished TC001_AccountRegistration****
