18:56:02.503 [main] DEBUG org.apache.poi.openxml4j.opc.PackageRelationshipCollection - Parsing relationship: /xl/_rels/workbook.xml.rels
18:56:02.506 [main] DEBUG org.apache.poi.openxml4j.opc.PackageRelationshipCollection - Parsing relationship: /xl/worksheets/_rels/sheet1.xml.rels
18:56:02.506 [main] DEBUG org.apache.poi.openxml4j.opc.PackageRelationshipCollection - Parsing relationship: /_rels/.rels
18:56:02.524 [main] DEBUG org.apache.poi.openxml4j.opc.PackageRelationshipCollection - Parsing relationship: /xl/_rels/workbook.xml.rels
18:56:02.525 [main] DEBUG org.apache.poi.openxml4j.opc.PackageRelationshipCollection - Parsing relationship: /xl/worksheets/_rels/sheet1.xml.rels
18:56:02.526 [main] DEBUG org.apache.poi.openxml4j.opc.PackageRelationshipCollection - Parsing relationship: /_rels/.rels
18:56:02.542 [main] INFO  testCases.TC003_LoginDataDrivenTest - ****Started TC003_LoginDataDrivenTest****
18:56:16.665 [main] INFO  testCases.TC003_LoginDataDrivenTest - ****Finished TC003_LoginDataDrivenTest****
18:56:16.667 [main] INFO  testCases.TC003_LoginDataDrivenTest - ****Started TC003_LoginDataDrivenTest****
18:56:21.110 [main] INFO  testCases.TC003_LoginDataDrivenTest - ****Finished TC003_LoginDataDrivenTest****
18:56:21.113 [main] INFO  testCases.TC003_LoginDataDrivenTest - ****Started TC003_LoginDataDrivenTest****
18:56:32.323 [main] INFO  testCases.TC003_LoginDataDrivenTest - ****Started TC003_LoginDataDrivenTest****
18:56:45.823 [main] INFO  testCases.TC003_LoginDataDrivenTest - ****Finished TC003_LoginDataDrivenTest****
18:56:45.827 [main] INFO  testCases.TC003_LoginDataDrivenTest - ****Started TC003_LoginDataDrivenTest****
18:56:59.830 [main] INFO  testCases.TC003_LoginDataDrivenTest - ****Finished TC003_LoginDataDrivenTest****
18:56:59.833 [main] INFO  testCases.TC003_LoginDataDrivenTest - ****Started TC003_LoginDataDrivenTest****
18:57:13.254 [main] INFO  testCases.TC003_LoginDataDrivenTest - ****Finished TC003_LoginDataDrivenTest****
18:57:13.258 [main] INFO  testCases.TC003_LoginDataDrivenTest - ****Started TC003_LoginDataDrivenTest****
18:57:27.051 [main] INFO  testCases.TC003_LoginDataDrivenTest - ****Finished TC003_LoginDataDrivenTest****
18:58:16.851 [main] DEBUG org.testng.TestNG - suiteXmlPath: "C:\Workspace\Seleniumwebdriver\Opencart2025\master.xml"
18:58:19.662 [main] INFO  testCases.TC001_AccountRegistration - ****Started TC001_AccountRegistration****
18:58:19.756 [main] INFO  testCases.TC001_AccountRegistration - ****Clicked on My Account****
18:58:20.059 [main] INFO  testCases.TC001_AccountRegistration - ****Clicked on Register Link****
18:58:20.061 [main] INFO  testCases.TC001_AccountRegistration - ****Providing Customer Details****
18:58:21.243 [main] INFO  testCases.TC001_AccountRegistration - ****Validating expected message****
18:58:21.280 [main] INFO  testCases.TC001_AccountRegistration - ****Finished TC001_AccountRegistration****
18:58:23.474 [main] INFO  testCases.TC002_LoginTest - ****Started TC002_LoginTest****
18:58:24.632 [main] INFO  testCases.TC002_LoginTest - ****Finished TC002_LoginTest****
20:04:58.058 [main] DEBUG org.testng.TestNG - suiteXmlPath: "C:\Workspace\Seleniumwebdriver\Opencart2025\master.xml"
20:04:58.443 [main] INFO  org.testng.internal.Utils - [TestNG] Running:
  C:\Workspace\Seleniumwebdriver\Opencart2025\master.xml

20:05:03.143 [main] INFO  testCases.TC001_AccountRegistration - ****Started TC001_AccountRegistration****
20:05:03.277 [main] INFO  testCases.TC001_AccountRegistration - ****Clicked on My Account****
20:05:03.635 [main] INFO  testCases.TC001_AccountRegistration - ****Clicked on Register Link****
20:05:03.647 [main] INFO  testCases.TC001_AccountRegistration - ****Providing Customer Details****
20:05:04.197 [main] INFO  testCases.TC001_AccountRegistration - ****Validating expected message****
20:05:04.969 [main] INFO  testCases.TC001_AccountRegistration - ****Finished TC001_AccountRegistration****
20:05:07.094 [main] INFO  testCases.TC002_LoginTest - ****Started TC002_LoginTest****
20:05:08.644 [main] INFO  testCases.TC002_LoginTest - ****Finished TC002_LoginTest****
20:06:05.771 [main] DEBUG org.testng.TestNG - suiteXmlPath: "C:\Workspace\Seleniumwebdriver\Opencart2025\master.xml"
20:06:06.099 [main] INFO  org.testng.internal.Utils - [TestNG] Running:
  C:\Workspace\Seleniumwebdriver\Opencart2025\master.xml

20:06:08.787 [main] INFO  testCases.TC001_AccountRegistration - ****Started TC001_AccountRegistration****
20:06:08.881 [main] INFO  testCases.TC001_AccountRegistration - ****Clicked on My Account****
20:06:09.195 [main] INFO  testCases.TC001_AccountRegistration - ****Clicked on Register Link****
20:06:09.198 [main] INFO  testCases.TC001_AccountRegistration - ****Providing Customer Details****
20:06:09.682 [main] INFO  testCases.TC001_AccountRegistration - ****Validating expected message****
20:06:10.381 [main] INFO  testCases.TC001_AccountRegistration - ****Finished TC001_AccountRegistration****
